-------------------------------------------------------------------------------
Test set: Parallel01IT
-------------------------------------------------------------------------------
Tests run: 1, Failures: 1, Errors: 0, Skipped: 0, Time elapsed: 47.904 sec <<< FAILURE! - in Parallel01IT
feature(Parallel01IT)  Time elapsed: 46.663 sec  <<< FAILURE!
cucumber.runtime.CucumberException: cucumber.runtime.CucumberException: There are undefined steps
Caused by: cucumber.runtime.CucumberException: There are undefined steps

